2021-09-03 08:19:08 PM [ DEBUG]: Sigmoid Prime: (30,) (neurla_network.py:38)
2021-09-03 08:19:08 PM [ DEBUG]: Last Weight: [[5.56819434e-01 1.73351348e-01 4.54884381e-01 3.12289358e-01
  6.30382833e-01 6.11209674e-01 4.53866302e-01 6.21160382e-01
  8.71211867e-01 7.80319679e-01]
 [8.29423799e-02 7.18608764e-01 1.29853616e-01 2.01878493e-01
  9.19443065e-01 3.22895561e-01 5.19806263e-01 3.13249137e-01
  2.86094796e-01 1.41507897e-01]
 [8.14347579e-01 7.97075256e-01 7.11579492e-01 8.62299415e-01
  3.82131370e-01 1.84423171e-01 8.48198718e-01 2.32805259e-01
  1.68847513e-01 5.71114999e-01]
 [2.07264690e-01 2.80480263e-03 7.64432805e-01 7.82610360e-01
  1.19974215e-02 4.11415600e-02 5.88110914e-01 2.56645721e-01
  1.60196589e-01 5.82062421e-01]
 [4.90642724e-01 7.76799692e-01 2.69774605e-02 4.30459632e-01
  2.63834151e-01 4.79755552e-01 7.78109323e-01 3.25734585e-01
  1.10617966e-01 1.23125707e-01]
 [4.23337304e-01 4.28117812e-01 6.31944075e-01 6.99498440e-01
  5.82334113e-01 1.59955663e-01 5.10211763e-01 2.34911643e-01
  5.09361853e-01 7.38303750e-01]
 [2.63273627e-01 1.35968705e-01 7.10612425e-01 1.39543868e-01
  1.79835530e-01 7.48350657e-01 9.89840764e-01 8.52957296e-04
  5.55660318e-01 3.06531591e-01]
 [3.98982054e-01 5.02853080e-01 4.47675356e-01 6.63209894e-01
  2.75986362e-01 5.36365601e-01 2.19634251e-01 8.66284916e-02
  7.91854764e-01 5.02327086e-01]
 [7.88702820e-01 5.59251005e-02 6.97168127e-01 2.49994221e-02
  2.40721922e-01 4.70254126e-01 6.60833033e-01 8.60972120e-01
  9.31368904e-01 3.88090394e-01]
 [7.60784773e-01 3.82274227e-01 8.90799861e-01 8.92674312e-02
  9.07977146e-01 1.55392605e-01 3.88117891e-01 6.96916146e-01
  2.22574881e-01 5.90565314e-01]
 [5.02337649e-01 5.35178071e-01 3.17309383e-01 6.92599291e-01
  1.40382971e-01 8.12271809e-01 5.75058258e-01 8.93808835e-01
  2.00012148e-01 5.69359193e-01]
 [7.27092365e-01 9.15052983e-01 5.35070167e-01 8.62864042e-01
  4.34046940e-01 9.31225055e-01 8.60911873e-01 1.16401897e-01
  9.84271366e-01 7.47705523e-01]
 [3.05328767e-01 5.52786274e-01 2.80448694e-01 1.93344670e-01
  5.09057417e-02 3.38822690e-01 2.41265255e-01 8.73316707e-01
  9.03299189e-01 3.97401083e-01]
 [2.33817983e-02 5.62096921e-01 8.58519013e-01 9.04735187e-01
  5.27379127e-01 4.81249059e-02 6.71921644e-01 8.20877768e-01
  8.15669914e-01 6.34588599e-01]
 [1.96438028e-01 2.41601164e-01 4.20739185e-01 3.19464530e-01
  4.19855754e-01 5.38743408e-01 4.86716978e-01 1.77908961e-01
  7.80842163e-01 7.61694284e-01]
 [6.18129912e-01 5.64029210e-01 9.22499070e-01 2.58507971e-01
  1.25881055e-01 4.57443324e-01 5.53309956e-01 1.61441189e-01
  8.06316517e-01 3.14919654e-01]
 [3.18212693e-01 4.60856760e-01 3.14929234e-01 3.09086815e-01
  9.08772134e-01 1.69952174e-01 1.66697130e-01 1.14043072e-01
  8.76230612e-02 1.12064928e-01]
 [5.31630434e-01 7.36896449e-01 8.88679420e-01 6.54502127e-02
  3.74531508e-01 1.71214405e-01 9.27535283e-01 5.05776856e-01
  1.59484823e-01 1.90096200e-01]
 [1.73602760e-01 8.04171700e-02 5.22100486e-02 5.45441036e-01
  5.93094771e-01 9.91850230e-03 3.16122282e-02 2.45927038e-01
  1.60611176e-01 3.50307970e-01]
 [7.40904179e-01 9.32546183e-01 2.25391305e-01 1.97129333e-01
  1.00646508e-01 6.66363468e-01 6.43387902e-01 1.52562105e-01
  5.27273585e-01 9.59643500e-01]
 [9.51467914e-01 1.67332525e-01 8.96021207e-01 7.52330549e-01
  4.06032833e-01 1.53643506e-02 8.66510242e-01 9.80286909e-01
  9.81469450e-01 7.65091456e-01]
 [2.17430447e-01 7.81176769e-01 2.42502389e-01 4.90031162e-01
  4.78207134e-02 6.84385048e-02 8.64790256e-01 4.78239819e-01
  1.02456823e-01 1.50637941e-01]
 [3.40406125e-01 6.31577381e-01 2.12296528e-01 4.25154948e-01
  4.43071716e-01 9.48548784e-01 8.23457587e-01 9.29392787e-01
  8.43527431e-01 7.89514912e-01]
 [5.82622558e-01 6.21834753e-01 5.03305915e-01 7.06985549e-01
  1.02696240e-01 1.37078963e-01 1.28882571e-01 7.31117411e-01
  1.27041702e-01 8.09592057e-01]
 [5.61185105e-01 3.24335024e-01 8.29920877e-01 8.54495393e-01
  2.16517947e-01 4.50016775e-01 7.84269722e-02 2.40115543e-01
  2.46852878e-02 6.27366177e-01]
 [2.10492838e-01 4.13569967e-01 7.40472695e-01 2.40305596e-01
  1.78029746e-01 3.71101297e-01 8.32473250e-01 9.19211339e-01
  2.57790756e-01 6.31000165e-01]
 [9.45620979e-01 8.89787675e-01 3.04535115e-01 2.95842770e-02
  9.35860525e-01 3.54752137e-01 5.15552759e-01 5.34100940e-01
  8.90160584e-01 5.81166300e-01]
 [1.76305624e-01 2.76347228e-01 5.13410281e-01 4.60428309e-01
  5.73241520e-01 3.69285503e-01 6.77176599e-01 2.92893568e-03
  4.69039481e-01 5.71537195e-01]
 [3.47848634e-02 4.10654697e-01 1.32433769e-01 1.36100079e-02
  3.18313063e-02 6.09282008e-01 4.58825564e-01 5.77745539e-01
  1.29508362e-02 8.71526916e-02]
 [4.55421249e-02 2.99862592e-01 8.50013799e-01 2.69438444e-01
  1.25587842e-01 7.62161452e-01 8.68696554e-01 8.57242213e-01
  1.36326407e-01 8.75847772e-01]
 [3.76109834e-01 6.25022683e-01 9.16230788e-01 2.85928579e-01
  3.09320453e-02 2.26061488e-01 9.98056264e-01 1.85575376e-01
  5.43593740e-01 4.22908156e-01]] (neurla_network.py:39)
